Flow report for electronic_card_lock
Fri Nov 25 07:26:26 2022
Quartus Prime Version 20.1.1 Build 720 11/11/2020 SJ Standard Edition


---------------------
; Table of Contents ;
---------------------
  1. Legal Notice
  2. Flow Summary
  3. Flow Settings
  4. Flow Non-Default Global Settings
  5. Flow Elapsed Time
  6. Flow OS Summary
  7. Flow Log
  8. Flow Messages
  9. Flow Suppressed Messages



----------------
; Legal Notice ;
----------------
Copyright (C) 2020  Intel Corporation. All rights reserved.
Your use of Intel Corporation's design tools, logic functions 
and other software and tools, and any partner logic 
functions, and any output files from any of the foregoing 
(including device programming or simulation files), and any 
associated documentation or information are expressly subject 
to the terms and conditions of the Intel Program License 
Subscription Agreement, the Intel Quartus Prime License Agreement,
the Intel FPGA IP License Agreement, or other applicable license
agreement, including, without limitation, that your use is for
the sole purpose of programming logic devices manufactured by
Intel and sold by Intel or its authorized distributors.  Please
refer to the applicable agreement for further details, at
https://fpgasoftware.intel.com/eula.



+--------------------------------------------------------------------------------------+
; Flow Summary                                                                         ;
+------------------------------------+-------------------------------------------------+
; Flow Status                        ; Successful - Fri Nov 25 07:26:26 2022           ;
; Quartus Prime Version              ; 20.1.1 Build 720 11/11/2020 SJ Standard Edition ;
; Revision Name                      ; electronic_card_lock                            ;
; Top-level Entity Name              ; electronic_card_lock                            ;
; Family                             ; Cyclone IV E                                    ;
; Device                             ; EP4CE115F29C7                                   ;
; Timing Models                      ; Final                                           ;
; Total logic elements               ; 1 / 114,480 ( < 1 % )                           ;
;     Total combinational functions  ; 1 / 114,480 ( < 1 % )                           ;
;     Dedicated logic registers      ; 0 / 114,480 ( 0 % )                             ;
; Total registers                    ; 0                                               ;
; Total pins                         ; 3 / 529 ( < 1 % )                               ;
; Total virtual pins                 ; 0                                               ;
; Total memory bits                  ; 0 / 3,981,312 ( 0 % )                           ;
; Embedded Multiplier 9-bit elements ; 0 / 532 ( 0 % )                                 ;
; Total PLLs                         ; 0 / 4 ( 0 % )                                   ;
+------------------------------------+-------------------------------------------------+


+------------------------------------------+
; Flow Settings                            ;
+-------------------+----------------------+
; Option            ; Setting              ;
+-------------------+----------------------+
; Start date & time ; 11/25/2022 07:26:10  ;
; Main task         ; Compilation          ;
; Revision Name     ; electronic_card_lock ;
+-------------------+----------------------+


+------------------------------------------------------------------------------------------------------------------------------------------------+
; Flow Non-Default Global Settings                                                                                                               ;
+-------------------------------------+----------------------------------------+---------------+-------------+-----------------------------------+
; Assignment Name                     ; Value                                  ; Default Value ; Entity Name ; Section Id                        ;
+-------------------------------------+----------------------------------------+---------------+-------------+-----------------------------------+
; COMPILER_SIGNATURE_ID               ; 194042950593651.166938277023729        ; --            ; --          ; --                                ;
; EDA_GENERATE_FUNCTIONAL_NETLIST     ; Off                                    ; --            ; --          ; eda_board_design_timing           ;
; EDA_GENERATE_FUNCTIONAL_NETLIST     ; Off                                    ; --            ; --          ; eda_board_design_boundary_scan    ;
; EDA_GENERATE_FUNCTIONAL_NETLIST     ; Off                                    ; --            ; --          ; eda_board_design_signal_integrity ;
; EDA_GENERATE_FUNCTIONAL_NETLIST     ; Off                                    ; --            ; --          ; eda_board_design_symbol           ;
; EDA_OUTPUT_DATA_FORMAT              ; Verilog Hdl                            ; --            ; --          ; eda_simulation                    ;
; EDA_SIMULATION_TOOL                 ; ModelSim-Altera (Verilog)              ; <None>        ; --          ; --                                ;
; EDA_TIME_SCALE                      ; 1 ps                                   ; --            ; --          ; eda_simulation                    ;
; MAX_CORE_JUNCTION_TEMP              ; 85                                     ; --            ; --          ; --                                ;
; MIN_CORE_JUNCTION_TEMP              ; 0                                      ; --            ; --          ; --                                ;
; NOMINAL_CORE_SUPPLY_VOLTAGE         ; 1.2V                                   ; --            ; --          ; --                                ;
; PARTITION_COLOR                     ; -- (Not supported for targeted family) ; --            ; --          ; Top                               ;
; PARTITION_FITTER_PRESERVATION_LEVEL ; -- (Not supported for targeted family) ; --            ; --          ; Top                               ;
; PARTITION_NETLIST_TYPE              ; -- (Not supported for targeted family) ; --            ; --          ; Top                               ;
; PROJECT_OUTPUT_DIRECTORY            ; output_files                           ; --            ; --          ; --                                ;
+-------------------------------------+----------------------------------------+---------------+-------------+-----------------------------------+


+--------------------------------------------------------------------------------------------------------------------------+
; Flow Elapsed Time                                                                                                        ;
+----------------------+--------------+-------------------------+---------------------+------------------------------------+
; Module Name          ; Elapsed Time ; Average Processors Used ; Peak Virtual Memory ; Total CPU Time (on all processors) ;
+----------------------+--------------+-------------------------+---------------------+------------------------------------+
; Analysis & Synthesis ; 00:00:05     ; 1.0                     ; 687 MB              ; 00:00:15                           ;
; Fitter               ; 00:00:05     ; 1.0                     ; 1717 MB             ; 00:00:09                           ;
; Assembler            ; 00:00:02     ; 1.0                     ; 623 MB              ; 00:00:02                           ;
; Timing Analyzer      ; 00:00:01     ; 1.0                     ; 858 MB              ; 00:00:01                           ;
; EDA Netlist Writer   ; 00:00:00     ; 1.0                     ; 869 MB              ; 00:00:00                           ;
; Total                ; 00:00:13     ; --                      ; --                  ; 00:00:27                           ;
+----------------------+--------------+-------------------------+---------------------+------------------------------------+


+---------------------------------------------------------------------------------+
; Flow OS Summary                                                                 ;
+----------------------+------------------+---------+------------+----------------+
; Module Name          ; Machine Hostname ; OS Name ; OS Version ; Processor type ;
+----------------------+------------------+---------+------------+----------------+
; Analysis & Synthesis ; engr-tau-20L     ; Red Hat ; Red Hat    ; x86_64         ;
; Fitter               ; engr-tau-20L     ; Red Hat ; Red Hat    ; x86_64         ;
; Assembler            ; engr-tau-20L     ; Red Hat ; Red Hat    ; x86_64         ;
; Timing Analyzer      ; engr-tau-20L     ; Red Hat ; Red Hat    ; x86_64         ;
; EDA Netlist Writer   ; engr-tau-20L     ; Red Hat ; Red Hat    ; x86_64         ;
+----------------------+------------------+---------+------------+----------------+


------------
; Flow Log ;
------------
quartus_map --read_settings_files=on --write_settings_files=off electronic_card_lock -c electronic_card_lock
quartus_fit --read_settings_files=off --write_settings_files=off electronic_card_lock -c electronic_card_lock
quartus_asm --read_settings_files=off --write_settings_files=off electronic_card_lock -c electronic_card_lock
quartus_sta electronic_card_lock -c electronic_card_lock
quartus_eda --read_settings_files=off --write_settings_files=off electronic_card_lock -c electronic_card_lock



